<?xml version="1.0" encoding="UTF-8"?>
<!-- Generated by org.testng.reporters.JUnitReportReporter -->
<testsuite hostname="LAPTOP-NVDG85TH" failures="0" tests="3" name="pipelines.pipes.job1" time="18.465" errors="0" timestamp="2023-12-22T10:47:43 IST" skipped="0">
  <testcase classname="pipelines.pipes.job1" name="test2" time="5.623"/>
  <testcase classname="pipelines.pipes.job1" name="test1" time="5.734"/>
  <testcase classname="pipelines.pipes.job1" name="test3" time="7.108"/>
</testsuite> <!-- pipelines.pipes.job1 -->
