<?xml version="1.0" encoding="UTF-8"?>
<!-- Generated by org.testng.reporters.JUnitReportReporter -->
<testsuite hostname="LAPTOP-NVDG85TH" failures="0" tests="3" name="pipelines.pipes.job1" time="25.296" errors="0" timestamp="2023-12-22T21:15:18 IST" skipped="0">
  <testcase classname="pipelines.pipes.job1" name="test1" time="6.518"/>
  <testcase classname="pipelines.pipes.job1" name="test2" time="10.661"/>
  <testcase classname="pipelines.pipes.job1" name="test3" time="8.117"/>
</testsuite> <!-- pipelines.pipes.job1 -->
