<?xml version="1.0" encoding="UTF-8"?>
<!-- Generated by org.testng.reporters.JUnitReportReporter -->
<testsuite hostname="LAPTOP-NVDG85TH" failures="0" tests="3" name="pipelines.pipes.job1" time="20.772" errors="0" timestamp="2023-12-23T13:05:11 IST" skipped="0">
  <testcase classname="pipelines.pipes.job1" name="test1" time="4.762"/>
  <testcase classname="pipelines.pipes.job1" name="test2" time="6.088"/>
  <testcase classname="pipelines.pipes.job1" name="test3" time="9.922"/>
</testsuite> <!-- pipelines.pipes.job1 -->
